Determining if the pthread_create exist failed with the following output:
Change Dir: /home/marzan/hrwros_ws/build/behavior_pick_part_from_conveyor/CMakeFiles/CMakeTmp

Run Build Command:"/usr/bin/make" "cmTC_af31f/fast"
/usr/bin/make -f CMakeFiles/cmTC_af31f.dir/build.make CMakeFiles/cmTC_af31f.dir/build
make[1]: Entering directory '/home/marzan/hrwros_ws/build/behavior_pick_part_from_conveyor/CMakeFiles/CMakeTmp'
Building C object CMakeFiles/cmTC_af31f.dir/CheckSymbolExists.c.o
/usr/bin/cc    -o CMakeFiles/cmTC_af31f.dir/CheckSymbolExists.c.o   -c /home/marzan/hrwros_ws/build/behavior_pick_part_from_conveyor/CMakeFiles/CMakeTmp/CheckSymbolExists.c
Linking C executable cmTC_af31f
/usr/bin/cmake -E cmake_link_script CMakeFiles/cmTC_af31f.dir/link.txt --verbose=1
/usr/bin/cc      -rdynamic CMakeFiles/cmTC_af31f.dir/CheckSymbolExists.c.o  -o cmTC_af31f 
CMakeFiles/cmTC_af31f.dir/CheckSymbolExists.c.o: In function `main':
CheckSymbolExists.c:(.text+0x1b): undefined reference to `pthread_create'
collect2: error: ld returned 1 exit status
CMakeFiles/cmTC_af31f.dir/build.make:97: recipe for target 'cmTC_af31f' failed
make[1]: *** [cmTC_af31f] Error 1
make[1]: Leaving directory '/home/marzan/hrwros_ws/build/behavior_pick_part_from_conveyor/CMakeFiles/CMakeTmp'
Makefile:126: recipe for target 'cmTC_af31f/fast' failed
make: *** [cmTC_af31f/fast] Error 2

File /home/marzan/hrwros_ws/build/behavior_pick_part_from_conveyor/CMakeFiles/CMakeTmp/CheckSymbolExists.c:
/* */
#include <pthread.h>

int main(int argc, char** argv)
{
  (void)argv;
#ifndef pthread_create
  return ((int*)(&pthread_create))[argc];
#else
  (void)argc;
  return 0;
#endif
}

Determining if the function pthread_create exists in the pthreads failed with the following output:
Change Dir: /home/marzan/hrwros_ws/build/behavior_pick_part_from_conveyor/CMakeFiles/CMakeTmp

Run Build Command:"/usr/bin/make" "cmTC_2a190/fast"
/usr/bin/make -f CMakeFiles/cmTC_2a190.dir/build.make CMakeFiles/cmTC_2a190.dir/build
make[1]: Entering directory '/home/marzan/hrwros_ws/build/behavior_pick_part_from_conveyor/CMakeFiles/CMakeTmp'
Building C object CMakeFiles/cmTC_2a190.dir/CheckFunctionExists.c.o
/usr/bin/cc   -DCHECK_FUNCTION_EXISTS=pthread_create   -o CMakeFiles/cmTC_2a190.dir/CheckFunctionExists.c.o   -c /usr/share/cmake-3.10/Modules/CheckFunctionExists.c
Linking C executable cmTC_2a190
/usr/bin/cmake -E cmake_link_script CMakeFiles/cmTC_2a190.dir/link.txt --verbose=1
/usr/bin/cc  -DCHECK_FUNCTION_EXISTS=pthread_create    -rdynamic CMakeFiles/cmTC_2a190.dir/CheckFunctionExists.c.o  -o cmTC_2a190 -lpthreads 
/usr/bin/ld: cannot find -lpthreads
collect2: error: ld returned 1 exit status
CMakeFiles/cmTC_2a190.dir/build.make:97: recipe for target 'cmTC_2a190' failed
make[1]: *** [cmTC_2a190] Error 1
make[1]: Leaving directory '/home/marzan/hrwros_ws/build/behavior_pick_part_from_conveyor/CMakeFiles/CMakeTmp'
Makefile:126: recipe for target 'cmTC_2a190/fast' failed
make: *** [cmTC_2a190/fast] Error 2


