Determining if the pthread_create exist failed with the following output:
Change Dir: /home/marzan/hrwros_ws/build/hrwros_moveit_config/CMakeFiles/CMakeTmp

Run Build Command:"/usr/bin/make" "cmTC_ae622/fast"
/usr/bin/make -f CMakeFiles/cmTC_ae622.dir/build.make CMakeFiles/cmTC_ae622.dir/build
make[1]: Entering directory '/home/marzan/hrwros_ws/build/hrwros_moveit_config/CMakeFiles/CMakeTmp'
Building C object CMakeFiles/cmTC_ae622.dir/CheckSymbolExists.c.o
/usr/bin/cc    -o CMakeFiles/cmTC_ae622.dir/CheckSymbolExists.c.o   -c /home/marzan/hrwros_ws/build/hrwros_moveit_config/CMakeFiles/CMakeTmp/CheckSymbolExists.c
Linking C executable cmTC_ae622
/usr/bin/cmake -E cmake_link_script CMakeFiles/cmTC_ae622.dir/link.txt --verbose=1
/usr/bin/cc      -rdynamic CMakeFiles/cmTC_ae622.dir/CheckSymbolExists.c.o  -o cmTC_ae622 
CMakeFiles/cmTC_ae622.dir/CheckSymbolExists.c.o: In function `main':
CheckSymbolExists.c:(.text+0x1b): undefined reference to `pthread_create'
collect2: error: ld returned 1 exit status
CMakeFiles/cmTC_ae622.dir/build.make:97: recipe for target 'cmTC_ae622' failed
make[1]: *** [cmTC_ae622] Error 1
make[1]: Leaving directory '/home/marzan/hrwros_ws/build/hrwros_moveit_config/CMakeFiles/CMakeTmp'
Makefile:126: recipe for target 'cmTC_ae622/fast' failed
make: *** [cmTC_ae622/fast] Error 2

File /home/marzan/hrwros_ws/build/hrwros_moveit_config/CMakeFiles/CMakeTmp/CheckSymbolExists.c:
/* */
#include <pthread.h>

int main(int argc, char** argv)
{
  (void)argv;
#ifndef pthread_create
  return ((int*)(&pthread_create))[argc];
#else
  (void)argc;
  return 0;
#endif
}

Determining if the function pthread_create exists in the pthreads failed with the following output:
Change Dir: /home/marzan/hrwros_ws/build/hrwros_moveit_config/CMakeFiles/CMakeTmp

Run Build Command:"/usr/bin/make" "cmTC_4c74e/fast"
/usr/bin/make -f CMakeFiles/cmTC_4c74e.dir/build.make CMakeFiles/cmTC_4c74e.dir/build
make[1]: Entering directory '/home/marzan/hrwros_ws/build/hrwros_moveit_config/CMakeFiles/CMakeTmp'
Building C object CMakeFiles/cmTC_4c74e.dir/CheckFunctionExists.c.o
/usr/bin/cc   -DCHECK_FUNCTION_EXISTS=pthread_create   -o CMakeFiles/cmTC_4c74e.dir/CheckFunctionExists.c.o   -c /usr/share/cmake-3.10/Modules/CheckFunctionExists.c
Linking C executable cmTC_4c74e
/usr/bin/cmake -E cmake_link_script CMakeFiles/cmTC_4c74e.dir/link.txt --verbose=1
/usr/bin/cc  -DCHECK_FUNCTION_EXISTS=pthread_create    -rdynamic CMakeFiles/cmTC_4c74e.dir/CheckFunctionExists.c.o  -o cmTC_4c74e -lpthreads 
/usr/bin/ld: cannot find -lpthreads
collect2: error: ld returned 1 exit status
CMakeFiles/cmTC_4c74e.dir/build.make:97: recipe for target 'cmTC_4c74e' failed
make[1]: *** [cmTC_4c74e] Error 1
make[1]: Leaving directory '/home/marzan/hrwros_ws/build/hrwros_moveit_config/CMakeFiles/CMakeTmp'
Makefile:126: recipe for target 'cmTC_4c74e/fast' failed
make: *** [cmTC_4c74e/fast] Error 2


