Determining if the pthread_create exist failed with the following output:
Change Dir: /home/marzan/hrwros_ws/build/ur_e_description/CMakeFiles/CMakeTmp

Run Build Command:"/usr/bin/make" "cmTC_0c9dd/fast"
/usr/bin/make -f CMakeFiles/cmTC_0c9dd.dir/build.make CMakeFiles/cmTC_0c9dd.dir/build
make[1]: Entering directory '/home/marzan/hrwros_ws/build/ur_e_description/CMakeFiles/CMakeTmp'
Building C object CMakeFiles/cmTC_0c9dd.dir/CheckSymbolExists.c.o
/usr/bin/cc    -o CMakeFiles/cmTC_0c9dd.dir/CheckSymbolExists.c.o   -c /home/marzan/hrwros_ws/build/ur_e_description/CMakeFiles/CMakeTmp/CheckSymbolExists.c
Linking C executable cmTC_0c9dd
/usr/bin/cmake -E cmake_link_script CMakeFiles/cmTC_0c9dd.dir/link.txt --verbose=1
/usr/bin/cc      -rdynamic CMakeFiles/cmTC_0c9dd.dir/CheckSymbolExists.c.o  -o cmTC_0c9dd 
CMakeFiles/cmTC_0c9dd.dir/CheckSymbolExists.c.o: In function `main':
CheckSymbolExists.c:(.text+0x1b): undefined reference to `pthread_create'
collect2: error: ld returned 1 exit status
CMakeFiles/cmTC_0c9dd.dir/build.make:97: recipe for target 'cmTC_0c9dd' failed
make[1]: *** [cmTC_0c9dd] Error 1
make[1]: Leaving directory '/home/marzan/hrwros_ws/build/ur_e_description/CMakeFiles/CMakeTmp'
Makefile:126: recipe for target 'cmTC_0c9dd/fast' failed
make: *** [cmTC_0c9dd/fast] Error 2

File /home/marzan/hrwros_ws/build/ur_e_description/CMakeFiles/CMakeTmp/CheckSymbolExists.c:
/* */
#include <pthread.h>

int main(int argc, char** argv)
{
  (void)argv;
#ifndef pthread_create
  return ((int*)(&pthread_create))[argc];
#else
  (void)argc;
  return 0;
#endif
}

Determining if the function pthread_create exists in the pthreads failed with the following output:
Change Dir: /home/marzan/hrwros_ws/build/ur_e_description/CMakeFiles/CMakeTmp

Run Build Command:"/usr/bin/make" "cmTC_0d1db/fast"
/usr/bin/make -f CMakeFiles/cmTC_0d1db.dir/build.make CMakeFiles/cmTC_0d1db.dir/build
make[1]: Entering directory '/home/marzan/hrwros_ws/build/ur_e_description/CMakeFiles/CMakeTmp'
Building C object CMakeFiles/cmTC_0d1db.dir/CheckFunctionExists.c.o
/usr/bin/cc   -DCHECK_FUNCTION_EXISTS=pthread_create   -o CMakeFiles/cmTC_0d1db.dir/CheckFunctionExists.c.o   -c /usr/share/cmake-3.10/Modules/CheckFunctionExists.c
Linking C executable cmTC_0d1db
/usr/bin/cmake -E cmake_link_script CMakeFiles/cmTC_0d1db.dir/link.txt --verbose=1
/usr/bin/cc  -DCHECK_FUNCTION_EXISTS=pthread_create    -rdynamic CMakeFiles/cmTC_0d1db.dir/CheckFunctionExists.c.o  -o cmTC_0d1db -lpthreads 
/usr/bin/ld: cannot find -lpthreads
collect2: error: ld returned 1 exit status
CMakeFiles/cmTC_0d1db.dir/build.make:97: recipe for target 'cmTC_0d1db' failed
make[1]: *** [cmTC_0d1db] Error 1
make[1]: Leaving directory '/home/marzan/hrwros_ws/build/ur_e_description/CMakeFiles/CMakeTmp'
Makefile:126: recipe for target 'cmTC_0d1db/fast' failed
make: *** [cmTC_0d1db/fast] Error 2


