Determining if the pthread_create exist failed with the following output:
Change Dir: /home/marzan/hrwros_ws/build/flexbe_behaviors/CMakeFiles/CMakeTmp

Run Build Command:"/usr/bin/make" "cmTC_ba626/fast"
/usr/bin/make -f CMakeFiles/cmTC_ba626.dir/build.make CMakeFiles/cmTC_ba626.dir/build
make[1]: Entering directory '/home/marzan/hrwros_ws/build/flexbe_behaviors/CMakeFiles/CMakeTmp'
Building C object CMakeFiles/cmTC_ba626.dir/CheckSymbolExists.c.o
/usr/bin/cc    -o CMakeFiles/cmTC_ba626.dir/CheckSymbolExists.c.o   -c /home/marzan/hrwros_ws/build/flexbe_behaviors/CMakeFiles/CMakeTmp/CheckSymbolExists.c
Linking C executable cmTC_ba626
/usr/bin/cmake -E cmake_link_script CMakeFiles/cmTC_ba626.dir/link.txt --verbose=1
/usr/bin/cc      -rdynamic CMakeFiles/cmTC_ba626.dir/CheckSymbolExists.c.o  -o cmTC_ba626 
CMakeFiles/cmTC_ba626.dir/CheckSymbolExists.c.o: In function `main':
CheckSymbolExists.c:(.text+0x1b): undefined reference to `pthread_create'
collect2: error: ld returned 1 exit status
CMakeFiles/cmTC_ba626.dir/build.make:97: recipe for target 'cmTC_ba626' failed
make[1]: *** [cmTC_ba626] Error 1
make[1]: Leaving directory '/home/marzan/hrwros_ws/build/flexbe_behaviors/CMakeFiles/CMakeTmp'
Makefile:126: recipe for target 'cmTC_ba626/fast' failed
make: *** [cmTC_ba626/fast] Error 2

File /home/marzan/hrwros_ws/build/flexbe_behaviors/CMakeFiles/CMakeTmp/CheckSymbolExists.c:
/* */
#include <pthread.h>

int main(int argc, char** argv)
{
  (void)argv;
#ifndef pthread_create
  return ((int*)(&pthread_create))[argc];
#else
  (void)argc;
  return 0;
#endif
}

Determining if the function pthread_create exists in the pthreads failed with the following output:
Change Dir: /home/marzan/hrwros_ws/build/flexbe_behaviors/CMakeFiles/CMakeTmp

Run Build Command:"/usr/bin/make" "cmTC_31ede/fast"
/usr/bin/make -f CMakeFiles/cmTC_31ede.dir/build.make CMakeFiles/cmTC_31ede.dir/build
make[1]: Entering directory '/home/marzan/hrwros_ws/build/flexbe_behaviors/CMakeFiles/CMakeTmp'
Building C object CMakeFiles/cmTC_31ede.dir/CheckFunctionExists.c.o
/usr/bin/cc   -DCHECK_FUNCTION_EXISTS=pthread_create   -o CMakeFiles/cmTC_31ede.dir/CheckFunctionExists.c.o   -c /usr/share/cmake-3.10/Modules/CheckFunctionExists.c
Linking C executable cmTC_31ede
/usr/bin/cmake -E cmake_link_script CMakeFiles/cmTC_31ede.dir/link.txt --verbose=1
/usr/bin/cc  -DCHECK_FUNCTION_EXISTS=pthread_create    -rdynamic CMakeFiles/cmTC_31ede.dir/CheckFunctionExists.c.o  -o cmTC_31ede -lpthreads 
/usr/bin/ld: cannot find -lpthreads
collect2: error: ld returned 1 exit status
CMakeFiles/cmTC_31ede.dir/build.make:97: recipe for target 'cmTC_31ede' failed
make[1]: *** [cmTC_31ede] Error 1
make[1]: Leaving directory '/home/marzan/hrwros_ws/build/flexbe_behaviors/CMakeFiles/CMakeTmp'
Makefile:126: recipe for target 'cmTC_31ede/fast' failed
make: *** [cmTC_31ede/fast] Error 2


