Determining if the pthread_create exist failed with the following output:
Change Dir: /home/marzan/hrwros_ws/build/hrwros_week2/CMakeFiles/CMakeTmp

Run Build Command:"/usr/bin/make" "cmTC_36917/fast"
/usr/bin/make -f CMakeFiles/cmTC_36917.dir/build.make CMakeFiles/cmTC_36917.dir/build
make[1]: Entering directory '/home/marzan/hrwros_ws/build/hrwros_week2/CMakeFiles/CMakeTmp'
Building C object CMakeFiles/cmTC_36917.dir/CheckSymbolExists.c.o
/usr/bin/cc    -o CMakeFiles/cmTC_36917.dir/CheckSymbolExists.c.o   -c /home/marzan/hrwros_ws/build/hrwros_week2/CMakeFiles/CMakeTmp/CheckSymbolExists.c
Linking C executable cmTC_36917
/usr/bin/cmake -E cmake_link_script CMakeFiles/cmTC_36917.dir/link.txt --verbose=1
/usr/bin/cc      -rdynamic CMakeFiles/cmTC_36917.dir/CheckSymbolExists.c.o  -o cmTC_36917 
CMakeFiles/cmTC_36917.dir/CheckSymbolExists.c.o: In function `main':
CheckSymbolExists.c:(.text+0x1b): undefined reference to `pthread_create'
collect2: error: ld returned 1 exit status
CMakeFiles/cmTC_36917.dir/build.make:97: recipe for target 'cmTC_36917' failed
make[1]: *** [cmTC_36917] Error 1
make[1]: Leaving directory '/home/marzan/hrwros_ws/build/hrwros_week2/CMakeFiles/CMakeTmp'
Makefile:126: recipe for target 'cmTC_36917/fast' failed
make: *** [cmTC_36917/fast] Error 2

File /home/marzan/hrwros_ws/build/hrwros_week2/CMakeFiles/CMakeTmp/CheckSymbolExists.c:
/* */
#include <pthread.h>

int main(int argc, char** argv)
{
  (void)argv;
#ifndef pthread_create
  return ((int*)(&pthread_create))[argc];
#else
  (void)argc;
  return 0;
#endif
}

Determining if the function pthread_create exists in the pthreads failed with the following output:
Change Dir: /home/marzan/hrwros_ws/build/hrwros_week2/CMakeFiles/CMakeTmp

Run Build Command:"/usr/bin/make" "cmTC_181ac/fast"
/usr/bin/make -f CMakeFiles/cmTC_181ac.dir/build.make CMakeFiles/cmTC_181ac.dir/build
make[1]: Entering directory '/home/marzan/hrwros_ws/build/hrwros_week2/CMakeFiles/CMakeTmp'
Building C object CMakeFiles/cmTC_181ac.dir/CheckFunctionExists.c.o
/usr/bin/cc   -DCHECK_FUNCTION_EXISTS=pthread_create   -o CMakeFiles/cmTC_181ac.dir/CheckFunctionExists.c.o   -c /usr/share/cmake-3.10/Modules/CheckFunctionExists.c
Linking C executable cmTC_181ac
/usr/bin/cmake -E cmake_link_script CMakeFiles/cmTC_181ac.dir/link.txt --verbose=1
/usr/bin/cc  -DCHECK_FUNCTION_EXISTS=pthread_create    -rdynamic CMakeFiles/cmTC_181ac.dir/CheckFunctionExists.c.o  -o cmTC_181ac -lpthreads 
/usr/bin/ld: cannot find -lpthreads
collect2: error: ld returned 1 exit status
CMakeFiles/cmTC_181ac.dir/build.make:97: recipe for target 'cmTC_181ac' failed
make[1]: *** [cmTC_181ac] Error 1
make[1]: Leaving directory '/home/marzan/hrwros_ws/build/hrwros_week2/CMakeFiles/CMakeTmp'
Makefile:126: recipe for target 'cmTC_181ac/fast' failed
make: *** [cmTC_181ac/fast] Error 2


