Determining if the pthread_create exist failed with the following output:
Change Dir: /home/marzan/hrwros_ws/build/hrwros_gazebo/CMakeFiles/CMakeTmp

Run Build Command:"/usr/bin/make" "cmTC_9edcc/fast"
/usr/bin/make -f CMakeFiles/cmTC_9edcc.dir/build.make CMakeFiles/cmTC_9edcc.dir/build
make[1]: Entering directory '/home/marzan/hrwros_ws/build/hrwros_gazebo/CMakeFiles/CMakeTmp'
Building C object CMakeFiles/cmTC_9edcc.dir/CheckSymbolExists.c.o
/usr/bin/cc    -o CMakeFiles/cmTC_9edcc.dir/CheckSymbolExists.c.o   -c /home/marzan/hrwros_ws/build/hrwros_gazebo/CMakeFiles/CMakeTmp/CheckSymbolExists.c
Linking C executable cmTC_9edcc
/usr/bin/cmake -E cmake_link_script CMakeFiles/cmTC_9edcc.dir/link.txt --verbose=1
/usr/bin/cc      -rdynamic CMakeFiles/cmTC_9edcc.dir/CheckSymbolExists.c.o  -o cmTC_9edcc 
CMakeFiles/cmTC_9edcc.dir/CheckSymbolExists.c.o: In function `main':
CheckSymbolExists.c:(.text+0x1b): undefined reference to `pthread_create'
collect2: error: ld returned 1 exit status
CMakeFiles/cmTC_9edcc.dir/build.make:97: recipe for target 'cmTC_9edcc' failed
make[1]: *** [cmTC_9edcc] Error 1
make[1]: Leaving directory '/home/marzan/hrwros_ws/build/hrwros_gazebo/CMakeFiles/CMakeTmp'
Makefile:126: recipe for target 'cmTC_9edcc/fast' failed
make: *** [cmTC_9edcc/fast] Error 2

File /home/marzan/hrwros_ws/build/hrwros_gazebo/CMakeFiles/CMakeTmp/CheckSymbolExists.c:
/* */
#include <pthread.h>

int main(int argc, char** argv)
{
  (void)argv;
#ifndef pthread_create
  return ((int*)(&pthread_create))[argc];
#else
  (void)argc;
  return 0;
#endif
}

Determining if the function pthread_create exists in the pthreads failed with the following output:
Change Dir: /home/marzan/hrwros_ws/build/hrwros_gazebo/CMakeFiles/CMakeTmp

Run Build Command:"/usr/bin/make" "cmTC_96362/fast"
/usr/bin/make -f CMakeFiles/cmTC_96362.dir/build.make CMakeFiles/cmTC_96362.dir/build
make[1]: Entering directory '/home/marzan/hrwros_ws/build/hrwros_gazebo/CMakeFiles/CMakeTmp'
Building C object CMakeFiles/cmTC_96362.dir/CheckFunctionExists.c.o
/usr/bin/cc   -DCHECK_FUNCTION_EXISTS=pthread_create   -o CMakeFiles/cmTC_96362.dir/CheckFunctionExists.c.o   -c /usr/share/cmake-3.10/Modules/CheckFunctionExists.c
Linking C executable cmTC_96362
/usr/bin/cmake -E cmake_link_script CMakeFiles/cmTC_96362.dir/link.txt --verbose=1
/usr/bin/cc  -DCHECK_FUNCTION_EXISTS=pthread_create    -rdynamic CMakeFiles/cmTC_96362.dir/CheckFunctionExists.c.o  -o cmTC_96362 -lpthreads 
/usr/bin/ld: cannot find -lpthreads
collect2: error: ld returned 1 exit status
CMakeFiles/cmTC_96362.dir/build.make:97: recipe for target 'cmTC_96362' failed
make[1]: *** [cmTC_96362] Error 1
make[1]: Leaving directory '/home/marzan/hrwros_ws/build/hrwros_gazebo/CMakeFiles/CMakeTmp'
Makefile:126: recipe for target 'cmTC_96362/fast' failed
make: *** [cmTC_96362/fast] Error 2


